The target system is: Android - 1 - aarch64
The host system is: Darwin - 18.6.0 - x86_64
Determining if the C compiler works passed with the following output:
Change Dir: /Users/Sargon/Documents/Unity Projects/Asset Store/NativeTouchAndroidStudio/nativetouch/.cxx/cmake/armDebug/arm64-v8a/CMakeFiles/CMakeTmp

Run Build Command:"/Applications/Unity/Hub/2019.1.14f1/PlaybackEngines/AndroidPlayer/SDK/cmake/3.6.4111459/bin/ninja" "cmTC_dfd75"
[1/2] Building C object CMakeFiles/cmTC_dfd75.dir/testCCompiler.c.o
[2/2] Linking C executable cmTC_dfd75


Detecting C compiler ABI info compiled with the following output:
Change Dir: /Users/Sargon/Documents/Unity Projects/Asset Store/NativeTouchAndroidStudio/nativetouch/.cxx/cmake/armDebug/arm64-v8a/CMakeFiles/CMakeTmp

Run Build Command:"/Applications/Unity/Hub/2019.1.14f1/PlaybackEngines/AndroidPlayer/SDK/cmake/3.6.4111459/bin/ninja" "cmTC_a4d38"
[1/2] Building C object CMakeFiles/cmTC_a4d38.dir/CMakeCCompilerABI.c.o
[2/2] Linking C executable cmTC_a4d38
Android (5220042 based on r346389c) clang version 8.0.7 (https://android.googlesource.com/toolchain/clang b55f2d4ebfd35bf643d27dbca1bb228957008617) (https://android.googlesource.com/toolchain/llvm 3c393fe7a7e13b0fba4ac75a01aa683d7a5b11cd) (based on LLVM 8.0.7svn)
Target: aarch64-none-linux-android21
Thread model: posix
InstalledDir: /Applications/Unity/Hub/2019.1.14f1/PlaybackEngines/AndroidPlayer/SDK/ndk-bundle/toolchains/llvm/prebuilt/darwin-x86_64/bin
Found candidate GCC installation: /Applications/Unity/Hub/2019.1.14f1/PlaybackEngines/AndroidPlayer/SDK/ndk-bundle/toolchains/llvm/prebuilt/darwin-x86_64/lib/gcc/aarch64-linux-android/4.9.x
Selected GCC installation: /Applications/Unity/Hub/2019.1.14f1/PlaybackEngines/AndroidPlayer/SDK/ndk-bundle/toolchains/llvm/prebuilt/darwin-x86_64/lib/gcc/aarch64-linux-android/4.9.x
Candidate multilib: .;@m64
Selected multilib: .;@m64
 "/Applications/Unity/Hub/2019.1.14f1/PlaybackEngines/AndroidPlayer/SDK/ndk-bundle/toolchains/llvm/prebuilt/darwin-x86_64/lib/gcc/aarch64-linux-android/4.9.x/../../../../aarch64-linux-android/bin/ld" --sysroot=/Applications/Unity/Hub/2019.1.14f1/PlaybackEngines/AndroidPlayer/SDK/ndk-bundle/toolchains/llvm/prebuilt/darwin-x86_64/sysroot -pie -EL --fix-cortex-a53-843419 -z now -z relro --hash-style=both --enable-new-dtags --eh-frame-hdr -m aarch64linux -dynamic-linker /system/bin/linker64 -o cmTC_a4d38 /Applications/Unity/Hub/2019.1.14f1/PlaybackEngines/AndroidPlayer/SDK/ndk-bundle/toolchains/llvm/prebuilt/darwin-x86_64/sysroot/usr/lib/aarch64-linux-android/21/crtbegin_dynamic.o -L/Applications/Unity/Hub/2019.1.14f1/PlaybackEngines/AndroidPlayer/SDK/ndk-bundle/toolchains/llvm/prebuilt/darwin-x86_64/lib64/clang/8.0.7/lib/linux/aarch64 -L/Applications/Unity/Hub/2019.1.14f1/PlaybackEngines/AndroidPlayer/SDK/ndk-bundle/toolchains/llvm/prebuilt/darwin-x86_64/lib/gcc/aarch64-linux-android/4.9.x -L/Applications/Unity/Hub/2019.1.14f1/PlaybackEngines/AndroidPlayer/SDK/ndk-bundle/toolchains/llvm/prebuilt/darwin-x86_64/lib/gcc/aarch64-linux-android/4.9.x/../../../../aarch64-linux-android/lib/../lib64 -L/Applications/Unity/Hub/2019.1.14f1/PlaybackEngines/AndroidPlayer/SDK/ndk-bundle/toolchains/llvm/prebuilt/darwin-x86_64/sysroot/usr/lib/aarch64-linux-android/21 -L/Applications/Unity/Hub/2019.1.14f1/PlaybackEngines/AndroidPlayer/SDK/ndk-bundle/toolchains/llvm/prebuilt/darwin-x86_64/sysroot/usr/lib/aarch64-linux-android -L/Applications/Unity/Hub/2019.1.14f1/PlaybackEngines/AndroidPlayer/SDK/ndk-bundle/toolchains/llvm/prebuilt/darwin-x86_64/lib/gcc/aarch64-linux-android/4.9.x/../../../../aarch64-linux-android/lib -L/Applications/Unity/Hub/2019.1.14f1/PlaybackEngines/AndroidPlayer/SDK/ndk-bundle/toolchains/llvm/prebuilt/darwin-x86_64/sysroot/usr/lib --exclude-libs libgcc.a --exclude-libs libatomic.a --build-id --warn-shared-textrel --fatal-warnings --no-undefined -z noexecstack --gc-sections CMakeFiles/cmTC_a4d38.dir/CMakeCCompilerABI.c.o -lgcc -ldl -lc -lgcc -ldl /Applications/Unity/Hub/2019.1.14f1/PlaybackEngines/AndroidPlayer/SDK/ndk-bundle/toolchains/llvm/prebuilt/darwin-x86_64/sysroot/usr/lib/aarch64-linux-android/21/crtend_android.o


Parsed C implicit link information from above output:
  link line regex: [^( *|.*[/\])(aarch64-linux-android-ld|([^/\]+-)?ld|collect2)[^/\]*( |$)]
  ignore line: [Change Dir: /Users/Sargon/Documents/Unity Projects/Asset Store/NativeTouchAndroidStudio/nativetouch/.cxx/cmake/armDebug/arm64-v8a/CMakeFiles/CMakeTmp]
  ignore line: []
  ignore line: [Run Build Command:"/Applications/Unity/Hub/2019.1.14f1/PlaybackEngines/AndroidPlayer/SDK/cmake/3.6.4111459/bin/ninja" "cmTC_a4d38"]
  ignore line: [[1/2] Building C object CMakeFiles/cmTC_a4d38.dir/CMakeCCompilerABI.c.o]
  ignore line: [[2/2] Linking C executable cmTC_a4d38]
  ignore line: [Android (5220042 based on r346389c) clang version 8.0.7 (https://android.googlesource.com/toolchain/clang b55f2d4ebfd35bf643d27dbca1bb228957008617) (https://android.googlesource.com/toolchain/llvm 3c393fe7a7e13b0fba4ac75a01aa683d7a5b11cd) (based on LLVM 8.0.7svn)]
  ignore line: [Target: aarch64-none-linux-android21]
  ignore line: [Thread model: posix]
  ignore line: [InstalledDir: /Applications/Unity/Hub/2019.1.14f1/PlaybackEngines/AndroidPlayer/SDK/ndk-bundle/toolchains/llvm/prebuilt/darwin-x86_64/bin]
  ignore line: [Found candidate GCC installation: /Applications/Unity/Hub/2019.1.14f1/PlaybackEngines/AndroidPlayer/SDK/ndk-bundle/toolchains/llvm/prebuilt/darwin-x86_64/lib/gcc/aarch64-linux-android/4.9.x]
  ignore line: [Selected GCC installation: /Applications/Unity/Hub/2019.1.14f1/PlaybackEngines/AndroidPlayer/SDK/ndk-bundle/toolchains/llvm/prebuilt/darwin-x86_64/lib/gcc/aarch64-linux-android/4.9.x]
  ignore line: [Candidate multilib: .]
  ignore line: [@m64]
  ignore line: [Selected multilib: .]
  ignore line: [@m64]
  link line: [ "/Applications/Unity/Hub/2019.1.14f1/PlaybackEngines/AndroidPlayer/SDK/ndk-bundle/toolchains/llvm/prebuilt/darwin-x86_64/lib/gcc/aarch64-linux-android/4.9.x/../../../../aarch64-linux-android/bin/ld" --sysroot=/Applications/Unity/Hub/2019.1.14f1/PlaybackEngines/AndroidPlayer/SDK/ndk-bundle/toolchains/llvm/prebuilt/darwin-x86_64/sysroot -pie -EL --fix-cortex-a53-843419 -z now -z relro --hash-style=both --enable-new-dtags --eh-frame-hdr -m aarch64linux -dynamic-linker /system/bin/linker64 -o cmTC_a4d38 /Applications/Unity/Hub/2019.1.14f1/PlaybackEngines/AndroidPlayer/SDK/ndk-bundle/toolchains/llvm/prebuilt/darwin-x86_64/sysroot/usr/lib/aarch64-linux-android/21/crtbegin_dynamic.o -L/Applications/Unity/Hub/2019.1.14f1/PlaybackEngines/AndroidPlayer/SDK/ndk-bundle/toolchains/llvm/prebuilt/darwin-x86_64/lib64/clang/8.0.7/lib/linux/aarch64 -L/Applications/Unity/Hub/2019.1.14f1/PlaybackEngines/AndroidPlayer/SDK/ndk-bundle/toolchains/llvm/prebuilt/darwin-x86_64/lib/gcc/aarch64-linux-android/4.9.x -L/Applications/Unity/Hub/2019.1.14f1/PlaybackEngines/AndroidPlayer/SDK/ndk-bundle/toolchains/llvm/prebuilt/darwin-x86_64/lib/gcc/aarch64-linux-android/4.9.x/../../../../aarch64-linux-android/lib/../lib64 -L/Applications/Unity/Hub/2019.1.14f1/PlaybackEngines/AndroidPlayer/SDK/ndk-bundle/toolchains/llvm/prebuilt/darwin-x86_64/sysroot/usr/lib/aarch64-linux-android/21 -L/Applications/Unity/Hub/2019.1.14f1/PlaybackEngines/AndroidPlayer/SDK/ndk-bundle/toolchains/llvm/prebuilt/darwin-x86_64/sysroot/usr/lib/aarch64-linux-android -L/Applications/Unity/Hub/2019.1.14f1/PlaybackEngines/AndroidPlayer/SDK/ndk-bundle/toolchains/llvm/prebuilt/darwin-x86_64/lib/gcc/aarch64-linux-android/4.9.x/../../../../aarch64-linux-android/lib -L/Applications/Unity/Hub/2019.1.14f1/PlaybackEngines/AndroidPlayer/SDK/ndk-bundle/toolchains/llvm/prebuilt/darwin-x86_64/sysroot/usr/lib --exclude-libs libgcc.a --exclude-libs libatomic.a --build-id --warn-shared-textrel --fatal-warnings --no-undefined -z noexecstack --gc-sections CMakeFiles/cmTC_a4d38.dir/CMakeCCompilerABI.c.o -lgcc -ldl -lc -lgcc -ldl /Applications/Unity/Hub/2019.1.14f1/PlaybackEngines/AndroidPlayer/SDK/ndk-bundle/toolchains/llvm/prebuilt/darwin-x86_64/sysroot/usr/lib/aarch64-linux-android/21/crtend_android.o]
    arg [/Applications/Unity/Hub/2019.1.14f1/PlaybackEngines/AndroidPlayer/SDK/ndk-bundle/toolchains/llvm/prebuilt/darwin-x86_64/lib/gcc/aarch64-linux-android/4.9.x/../../../../aarch64-linux-android/bin/ld] ==> ignore
    arg [--sysroot=/Applications/Unity/Hub/2019.1.14f1/PlaybackEngines/AndroidPlayer/SDK/ndk-bundle/toolchains/llvm/prebuilt/darwin-x86_64/sysroot] ==> ignore
    arg [-pie] ==> ignore
    arg [-EL] ==> ignore
    arg [--fix-cortex-a53-843419] ==> ignore
    arg [-znow] ==> ignore
    arg [-zrelro] ==> ignore
    arg [--hash-style=both] ==> ignore
    arg [--enable-new-dtags] ==> ignore
    arg [--eh-frame-hdr] ==> ignore
    arg [-m] ==> ignore
    arg [aarch64linux] ==> ignore
    arg [-dynamic-linker] ==> ignore
    arg [/system/bin/linker64] ==> ignore
    arg [-o] ==> ignore
    arg [cmTC_a4d38] ==> ignore
    arg [/Applications/Unity/Hub/2019.1.14f1/PlaybackEngines/AndroidPlayer/SDK/ndk-bundle/toolchains/llvm/prebuilt/darwin-x86_64/sysroot/usr/lib/aarch64-linux-android/21/crtbegin_dynamic.o] ==> ignore
    arg [-L/Applications/Unity/Hub/2019.1.14f1/PlaybackEngines/AndroidPlayer/SDK/ndk-bundle/toolchains/llvm/prebuilt/darwin-x86_64/lib64/clang/8.0.7/lib/linux/aarch64] ==> dir [/Applications/Unity/Hub/2019.1.14f1/PlaybackEngines/AndroidPlayer/SDK/ndk-bundle/toolchains/llvm/prebuilt/darwin-x86_64/lib64/clang/8.0.7/lib/linux/aarch64]
    arg [-L/Applications/Unity/Hub/2019.1.14f1/PlaybackEngines/AndroidPlayer/SDK/ndk-bundle/toolchains/llvm/prebuilt/darwin-x86_64/lib/gcc/aarch64-linux-android/4.9.x] ==> dir [/Applications/Unity/Hub/2019.1.14f1/PlaybackEngines/AndroidPlayer/SDK/ndk-bundle/toolchains/llvm/prebuilt/darwin-x86_64/lib/gcc/aarch64-linux-android/4.9.x]
    arg [-L/Applications/Unity/Hub/2019.1.14f1/PlaybackEngines/AndroidPlayer/SDK/ndk-bundle/toolchains/llvm/prebuilt/darwin-x86_64/lib/gcc/aarch64-linux-android/4.9.x/../../../../aarch64-linux-android/lib/../lib64] ==> dir [/Applications/Unity/Hub/2019.1.14f1/PlaybackEngines/AndroidPlayer/SDK/ndk-bundle/toolchains/llvm/prebuilt/darwin-x86_64/lib/gcc/aarch64-linux-android/4.9.x/../../../../aarch64-linux-android/lib/../lib64]
    arg [-L/Applications/Unity/Hub/2019.1.14f1/PlaybackEngines/AndroidPlayer/SDK/ndk-bundle/toolchains/llvm/prebuilt/darwin-x86_64/sysroot/usr/lib/aarch64-linux-android/21] ==> dir [/Applications/Unity/Hub/2019.1.14f1/PlaybackEngines/AndroidPlayer/SDK/ndk-bundle/toolchains/llvm/prebuilt/darwin-x86_64/sysroot/usr/lib/aarch64-linux-android/21]
    arg [-L/Applications/Unity/Hub/2019.1.14f1/PlaybackEngines/AndroidPlayer/SDK/ndk-bundle/toolchains/llvm/prebuilt/darwin-x86_64/sysroot/usr/lib/aarch64-linux-android] ==> dir [/Applications/Unity/Hub/2019.1.14f1/PlaybackEngines/AndroidPlayer/SDK/ndk-bundle/toolchains/llvm/prebuilt/darwin-x86_64/sysroot/usr/lib/aarch64-linux-android]
    arg [-L/Applications/Unity/Hub/2019.1.14f1/PlaybackEngines/AndroidPlayer/SDK/ndk-bundle/toolchains/llvm/prebuilt/darwin-x86_64/lib/gcc/aarch64-linux-android/4.9.x/../../../../aarch64-linux-android/lib] ==> dir [/Applications/Unity/Hub/2019.1.14f1/PlaybackEngines/AndroidPlayer/SDK/ndk-bundle/toolchains/llvm/prebuilt/darwin-x86_64/lib/gcc/aarch64-linux-android/4.9.x/../../../../aarch64-linux-android/lib]
    arg [-L/Applications/Unity/Hub/2019.1.14f1/PlaybackEngines/AndroidPlayer/SDK/ndk-bundle/toolchains/llvm/prebuilt/darwin-x86_64/sysroot/usr/lib] ==> dir [/Applications/Unity/Hub/2019.1.14f1/PlaybackEngines/AndroidPlayer/SDK/ndk-bundle/toolchains/llvm/prebuilt/darwin-x86_64/sysroot/usr/lib]
    arg [--exclude-libs] ==> ignore
    arg [libgcc.a] ==> ignore
    arg [--exclude-libs] ==> ignore
    arg [libatomic.a] ==> ignore
    arg [--build-id] ==> ignore
    arg [--warn-shared-textrel] ==> ignore
    arg [--fatal-warnings] ==> ignore
    arg [--no-undefined] ==> ignore
    arg [-znoexecstack] ==> ignore
    arg [--gc-sections] ==> ignore
    arg [CMakeFiles/cmTC_a4d38.dir/CMakeCCompilerABI.c.o] ==> ignore
    arg [-lgcc] ==> lib [gcc]
    arg [-ldl] ==> lib [dl]
    arg [-lc] ==> lib [c]
    arg [-lgcc] ==> lib [gcc]
    arg [-ldl] ==> lib [dl]
    arg [/Applications/Unity/Hub/2019.1.14f1/PlaybackEngines/AndroidPlayer/SDK/ndk-bundle/toolchains/llvm/prebuilt/darwin-x86_64/sysroot/usr/lib/aarch64-linux-android/21/crtend_android.o] ==> ignore
  remove lib [gcc]
  remove lib [gcc]
  collapse library dir [/Applications/Unity/Hub/2019.1.14f1/PlaybackEngines/AndroidPlayer/SDK/ndk-bundle/toolchains/llvm/prebuilt/darwin-x86_64/lib64/clang/8.0.7/lib/linux/aarch64] ==> [/Applications/Unity/Hub/2019.1.14f1/PlaybackEngines/AndroidPlayer/SDK/ndk-bundle/toolchains/llvm/prebuilt/darwin-x86_64/lib64/clang/8.0.7/lib/linux/aarch64]
  collapse library dir [/Applications/Unity/Hub/2019.1.14f1/PlaybackEngines/AndroidPlayer/SDK/ndk-bundle/toolchains/llvm/prebuilt/darwin-x86_64/lib/gcc/aarch64-linux-android/4.9.x] ==> [/Applications/Unity/Hub/2019.1.14f1/PlaybackEngines/AndroidPlayer/SDK/ndk-bundle/toolchains/llvm/prebuilt/darwin-x86_64/lib/gcc/aarch64-linux-android/4.9.x]
  collapse library dir [/Applications/Unity/Hub/2019.1.14f1/PlaybackEngines/AndroidPlayer/SDK/ndk-bundle/toolchains/llvm/prebuilt/darwin-x86_64/lib/gcc/aarch64-linux-android/4.9.x/../../../../aarch64-linux-android/lib/../lib64] ==> [/Applications/Unity/Hub/2019.1.14f1/PlaybackEngines/AndroidPlayer/SDK/ndk-bundle/toolchains/llvm/prebuilt/darwin-x86_64/aarch64-linux-android/lib64]
  collapse library dir [/Applications/Unity/Hub/2019.1.14f1/PlaybackEngines/AndroidPlayer/SDK/ndk-bundle/toolchains/llvm/prebuilt/darwin-x86_64/sysroot/usr/lib/aarch64-linux-android/21] ==> [/Applications/Unity/Hub/2019.1.14f1/PlaybackEngines/AndroidPlayer/SDK/ndk-bundle/toolchains/llvm/prebuilt/darwin-x86_64/sysroot/usr/lib/aarch64-linux-android/21]
  collapse library dir [/Applications/Unity/Hub/2019.1.14f1/PlaybackEngines/AndroidPlayer/SDK/ndk-bundle/toolchains/llvm/prebuilt/darwin-x86_64/sysroot/usr/lib/aarch64-linux-android] ==> [/Applications/Unity/Hub/2019.1.14f1/PlaybackEngines/AndroidPlayer/SDK/ndk-bundle/toolchains/llvm/prebuilt/darwin-x86_64/sysroot/usr/lib/aarch64-linux-android]
  collapse library dir [/Applications/Unity/Hub/2019.1.14f1/PlaybackEngines/AndroidPlayer/SDK/ndk-bundle/toolchains/llvm/prebuilt/darwin-x86_64/lib/gcc/aarch64-linux-android/4.9.x/../../../../aarch64-linux-android/lib] ==> [/Applications/Unity/Hub/2019.1.14f1/PlaybackEngines/AndroidPlayer/SDK/ndk-bundle/toolchains/llvm/prebuilt/darwin-x86_64/aarch64-linux-android/lib]
  collapse library dir [/Applications/Unity/Hub/2019.1.14f1/PlaybackEngines/AndroidPlayer/SDK/ndk-bundle/toolchains/llvm/prebuilt/darwin-x86_64/sysroot/usr/lib] ==> [/Applications/Unity/Hub/2019.1.14f1/PlaybackEngines/AndroidPlayer/SDK/ndk-bundle/toolchains/llvm/prebuilt/darwin-x86_64/sysroot/usr/lib]
  implicit libs: [dl;c;dl]
  implicit dirs: [/Applications/Unity/Hub/2019.1.14f1/PlaybackEngines/AndroidPlayer/SDK/ndk-bundle/toolchains/llvm/prebuilt/darwin-x86_64/lib64/clang/8.0.7/lib/linux/aarch64;/Applications/Unity/Hub/2019.1.14f1/PlaybackEngines/AndroidPlayer/SDK/ndk-bundle/toolchains/llvm/prebuilt/darwin-x86_64/lib/gcc/aarch64-linux-android/4.9.x;/Applications/Unity/Hub/2019.1.14f1/PlaybackEngines/AndroidPlayer/SDK/ndk-bundle/toolchains/llvm/prebuilt/darwin-x86_64/aarch64-linux-android/lib64;/Applications/Unity/Hub/2019.1.14f1/PlaybackEngines/AndroidPlayer/SDK/ndk-bundle/toolchains/llvm/prebuilt/darwin-x86_64/sysroot/usr/lib/aarch64-linux-android/21;/Applications/Unity/Hub/2019.1.14f1/PlaybackEngines/AndroidPlayer/SDK/ndk-bundle/toolchains/llvm/prebuilt/darwin-x86_64/sysroot/usr/lib/aarch64-linux-android;/Applications/Unity/Hub/2019.1.14f1/PlaybackEngines/AndroidPlayer/SDK/ndk-bundle/toolchains/llvm/prebuilt/darwin-x86_64/aarch64-linux-android/lib;/Applications/Unity/Hub/2019.1.14f1/PlaybackEngines/AndroidPlayer/SDK/ndk-bundle/toolchains/llvm/prebuilt/darwin-x86_64/sysroot/usr/lib]
  implicit fwks: []




Detecting C [-std=c11] compiler features compiled with the following output:
Change Dir: /Users/Sargon/Documents/Unity Projects/Asset Store/NativeTouchAndroidStudio/nativetouch/.cxx/cmake/armDebug/arm64-v8a/CMakeFiles/CMakeTmp

Run Build Command:"/Applications/Unity/Hub/2019.1.14f1/PlaybackEngines/AndroidPlayer/SDK/cmake/3.6.4111459/bin/ninja" "cmTC_1e216"
[1/2] Building C object CMakeFiles/cmTC_1e216.dir/feature_tests.c.o
[2/2] Linking C executable cmTC_1e216


    Feature record: C_FEATURE:1c_function_prototypes
    Feature record: C_FEATURE:1c_restrict
    Feature record: C_FEATURE:1c_static_assert
    Feature record: C_FEATURE:1c_variadic_macros


Detecting C [-std=c99] compiler features compiled with the following output:
Change Dir: /Users/Sargon/Documents/Unity Projects/Asset Store/NativeTouchAndroidStudio/nativetouch/.cxx/cmake/armDebug/arm64-v8a/CMakeFiles/CMakeTmp

Run Build Command:"/Applications/Unity/Hub/2019.1.14f1/PlaybackEngines/AndroidPlayer/SDK/cmake/3.6.4111459/bin/ninja" "cmTC_7ddbf"
[1/2] Building C object CMakeFiles/cmTC_7ddbf.dir/feature_tests.c.o
[2/2] Linking C executable cmTC_7ddbf


    Feature record: C_FEATURE:1c_function_prototypes
    Feature record: C_FEATURE:1c_restrict
    Feature record: C_FEATURE:0c_static_assert
    Feature record: C_FEATURE:1c_variadic_macros


Detecting C [-std=c90] compiler features compiled with the following output:
Change Dir: /Users/Sargon/Documents/Unity Projects/Asset Store/NativeTouchAndroidStudio/nativetouch/.cxx/cmake/armDebug/arm64-v8a/CMakeFiles/CMakeTmp

Run Build Command:"/Applications/Unity/Hub/2019.1.14f1/PlaybackEngines/AndroidPlayer/SDK/cmake/3.6.4111459/bin/ninja" "cmTC_988b8"
[1/2] Building C object CMakeFiles/cmTC_988b8.dir/feature_tests.c.o
[2/2] Linking C executable cmTC_988b8


    Feature record: C_FEATURE:1c_function_prototypes
    Feature record: C_FEATURE:0c_restrict
    Feature record: C_FEATURE:0c_static_assert
    Feature record: C_FEATURE:0c_variadic_macros
Determining if the CXX compiler works passed with the following output:
Change Dir: /Users/Sargon/Documents/Unity Projects/Asset Store/NativeTouchAndroidStudio/nativetouch/.cxx/cmake/armDebug/arm64-v8a/CMakeFiles/CMakeTmp

Run Build Command:"/Applications/Unity/Hub/2019.1.14f1/PlaybackEngines/AndroidPlayer/SDK/cmake/3.6.4111459/bin/ninja" "cmTC_d2c8d"
[1/2] Building CXX object CMakeFiles/cmTC_d2c8d.dir/testCXXCompiler.cxx.o
[2/2] Linking CXX executable cmTC_d2c8d


Detecting CXX compiler ABI info compiled with the following output:
Change Dir: /Users/Sargon/Documents/Unity Projects/Asset Store/NativeTouchAndroidStudio/nativetouch/.cxx/cmake/armDebug/arm64-v8a/CMakeFiles/CMakeTmp

Run Build Command:"/Applications/Unity/Hub/2019.1.14f1/PlaybackEngines/AndroidPlayer/SDK/cmake/3.6.4111459/bin/ninja" "cmTC_3dd97"
[1/2] Building CXX object CMakeFiles/cmTC_3dd97.dir/CMakeCXXCompilerABI.cpp.o
[2/2] Linking CXX executable cmTC_3dd97
Android (5220042 based on r346389c) clang version 8.0.7 (https://android.googlesource.com/toolchain/clang b55f2d4ebfd35bf643d27dbca1bb228957008617) (https://android.googlesource.com/toolchain/llvm 3c393fe7a7e13b0fba4ac75a01aa683d7a5b11cd) (based on LLVM 8.0.7svn)
Target: aarch64-none-linux-android21
Thread model: posix
InstalledDir: /Applications/Unity/Hub/2019.1.14f1/PlaybackEngines/AndroidPlayer/SDK/ndk-bundle/toolchains/llvm/prebuilt/darwin-x86_64/bin
Found candidate GCC installation: /Applications/Unity/Hub/2019.1.14f1/PlaybackEngines/AndroidPlayer/SDK/ndk-bundle/toolchains/llvm/prebuilt/darwin-x86_64/lib/gcc/aarch64-linux-android/4.9.x
Selected GCC installation: /Applications/Unity/Hub/2019.1.14f1/PlaybackEngines/AndroidPlayer/SDK/ndk-bundle/toolchains/llvm/prebuilt/darwin-x86_64/lib/gcc/aarch64-linux-android/4.9.x
Candidate multilib: .;@m64
Selected multilib: .;@m64
 "/Applications/Unity/Hub/2019.1.14f1/PlaybackEngines/AndroidPlayer/SDK/ndk-bundle/toolchains/llvm/prebuilt/darwin-x86_64/lib/gcc/aarch64-linux-android/4.9.x/../../../../aarch64-linux-android/bin/ld" --sysroot=/Applications/Unity/Hub/2019.1.14f1/PlaybackEngines/AndroidPlayer/SDK/ndk-bundle/toolchains/llvm/prebuilt/darwin-x86_64/sysroot -pie -EL --fix-cortex-a53-843419 -z now -z relro --hash-style=both --enable-new-dtags --eh-frame-hdr -m aarch64linux -dynamic-linker /system/bin/linker64 -o cmTC_3dd97 /Applications/Unity/Hub/2019.1.14f1/PlaybackEngines/AndroidPlayer/SDK/ndk-bundle/toolchains/llvm/prebuilt/darwin-x86_64/sysroot/usr/lib/aarch64-linux-android/21/crtbegin_dynamic.o -L/Applications/Unity/Hub/2019.1.14f1/PlaybackEngines/AndroidPlayer/SDK/ndk-bundle/toolchains/llvm/prebuilt/darwin-x86_64/lib64/clang/8.0.7/lib/linux/aarch64 -L/Applications/Unity/Hub/2019.1.14f1/PlaybackEngines/AndroidPlayer/SDK/ndk-bundle/toolchains/llvm/prebuilt/darwin-x86_64/lib/gcc/aarch64-linux-android/4.9.x -L/Applications/Unity/Hub/2019.1.14f1/PlaybackEngines/AndroidPlayer/SDK/ndk-bundle/toolchains/llvm/prebuilt/darwin-x86_64/lib/gcc/aarch64-linux-android/4.9.x/../../../../aarch64-linux-android/lib/../lib64 -L/Applications/Unity/Hub/2019.1.14f1/PlaybackEngines/AndroidPlayer/SDK/ndk-bundle/toolchains/llvm/prebuilt/darwin-x86_64/sysroot/usr/lib/aarch64-linux-android/21 -L/Applications/Unity/Hub/2019.1.14f1/PlaybackEngines/AndroidPlayer/SDK/ndk-bundle/toolchains/llvm/prebuilt/darwin-x86_64/sysroot/usr/lib/aarch64-linux-android -L/Applications/Unity/Hub/2019.1.14f1/PlaybackEngines/AndroidPlayer/SDK/ndk-bundle/toolchains/llvm/prebuilt/darwin-x86_64/lib/gcc/aarch64-linux-android/4.9.x/../../../../aarch64-linux-android/lib -L/Applications/Unity/Hub/2019.1.14f1/PlaybackEngines/AndroidPlayer/SDK/ndk-bundle/toolchains/llvm/prebuilt/darwin-x86_64/sysroot/usr/lib --exclude-libs libgcc.a --exclude-libs libatomic.a --build-id --warn-shared-textrel --fatal-warnings --no-undefined -z noexecstack --gc-sections CMakeFiles/cmTC_3dd97.dir/CMakeCXXCompilerABI.cpp.o -Bstatic -lc++ -Bdynamic -lm -lgcc -ldl -lc -lgcc -ldl /Applications/Unity/Hub/2019.1.14f1/PlaybackEngines/AndroidPlayer/SDK/ndk-bundle/toolchains/llvm/prebuilt/darwin-x86_64/sysroot/usr/lib/aarch64-linux-android/21/crtend_android.o


Parsed CXX implicit link information from above output:
  link line regex: [^( *|.*[/\])(aarch64-linux-android-ld|([^/\]+-)?ld|collect2)[^/\]*( |$)]
  ignore line: [Change Dir: /Users/Sargon/Documents/Unity Projects/Asset Store/NativeTouchAndroidStudio/nativetouch/.cxx/cmake/armDebug/arm64-v8a/CMakeFiles/CMakeTmp]
  ignore line: []
  ignore line: [Run Build Command:"/Applications/Unity/Hub/2019.1.14f1/PlaybackEngines/AndroidPlayer/SDK/cmake/3.6.4111459/bin/ninja" "cmTC_3dd97"]
  ignore line: [[1/2] Building CXX object CMakeFiles/cmTC_3dd97.dir/CMakeCXXCompilerABI.cpp.o]
  ignore line: [[2/2] Linking CXX executable cmTC_3dd97]
  ignore line: [Android (5220042 based on r346389c) clang version 8.0.7 (https://android.googlesource.com/toolchain/clang b55f2d4ebfd35bf643d27dbca1bb228957008617) (https://android.googlesource.com/toolchain/llvm 3c393fe7a7e13b0fba4ac75a01aa683d7a5b11cd) (based on LLVM 8.0.7svn)]
  ignore line: [Target: aarch64-none-linux-android21]
  ignore line: [Thread model: posix]
  ignore line: [InstalledDir: /Applications/Unity/Hub/2019.1.14f1/PlaybackEngines/AndroidPlayer/SDK/ndk-bundle/toolchains/llvm/prebuilt/darwin-x86_64/bin]
  ignore line: [Found candidate GCC installation: /Applications/Unity/Hub/2019.1.14f1/PlaybackEngines/AndroidPlayer/SDK/ndk-bundle/toolchains/llvm/prebuilt/darwin-x86_64/lib/gcc/aarch64-linux-android/4.9.x]
  ignore line: [Selected GCC installation: /Applications/Unity/Hub/2019.1.14f1/PlaybackEngines/AndroidPlayer/SDK/ndk-bundle/toolchains/llvm/prebuilt/darwin-x86_64/lib/gcc/aarch64-linux-android/4.9.x]
  ignore line: [Candidate multilib: .]
  ignore line: [@m64]
  ignore line: [Selected multilib: .]
  ignore line: [@m64]
  link line: [ "/Applications/Unity/Hub/2019.1.14f1/PlaybackEngines/AndroidPlayer/SDK/ndk-bundle/toolchains/llvm/prebuilt/darwin-x86_64/lib/gcc/aarch64-linux-android/4.9.x/../../../../aarch64-linux-android/bin/ld" --sysroot=/Applications/Unity/Hub/2019.1.14f1/PlaybackEngines/AndroidPlayer/SDK/ndk-bundle/toolchains/llvm/prebuilt/darwin-x86_64/sysroot -pie -EL --fix-cortex-a53-843419 -z now -z relro --hash-style=both --enable-new-dtags --eh-frame-hdr -m aarch64linux -dynamic-linker /system/bin/linker64 -o cmTC_3dd97 /Applications/Unity/Hub/2019.1.14f1/PlaybackEngines/AndroidPlayer/SDK/ndk-bundle/toolchains/llvm/prebuilt/darwin-x86_64/sysroot/usr/lib/aarch64-linux-android/21/crtbegin_dynamic.o -L/Applications/Unity/Hub/2019.1.14f1/PlaybackEngines/AndroidPlayer/SDK/ndk-bundle/toolchains/llvm/prebuilt/darwin-x86_64/lib64/clang/8.0.7/lib/linux/aarch64 -L/Applications/Unity/Hub/2019.1.14f1/PlaybackEngines/AndroidPlayer/SDK/ndk-bundle/toolchains/llvm/prebuilt/darwin-x86_64/lib/gcc/aarch64-linux-android/4.9.x -L/Applications/Unity/Hub/2019.1.14f1/PlaybackEngines/AndroidPlayer/SDK/ndk-bundle/toolchains/llvm/prebuilt/darwin-x86_64/lib/gcc/aarch64-linux-android/4.9.x/../../../../aarch64-linux-android/lib/../lib64 -L/Applications/Unity/Hub/2019.1.14f1/PlaybackEngines/AndroidPlayer/SDK/ndk-bundle/toolchains/llvm/prebuilt/darwin-x86_64/sysroot/usr/lib/aarch64-linux-android/21 -L/Applications/Unity/Hub/2019.1.14f1/PlaybackEngines/AndroidPlayer/SDK/ndk-bundle/toolchains/llvm/prebuilt/darwin-x86_64/sysroot/usr/lib/aarch64-linux-android -L/Applications/Unity/Hub/2019.1.14f1/PlaybackEngines/AndroidPlayer/SDK/ndk-bundle/toolchains/llvm/prebuilt/darwin-x86_64/lib/gcc/aarch64-linux-android/4.9.x/../../../../aarch64-linux-android/lib -L/Applications/Unity/Hub/2019.1.14f1/PlaybackEngines/AndroidPlayer/SDK/ndk-bundle/toolchains/llvm/prebuilt/darwin-x86_64/sysroot/usr/lib --exclude-libs libgcc.a --exclude-libs libatomic.a --build-id --warn-shared-textrel --fatal-warnings --no-undefined -z noexecstack --gc-sections CMakeFiles/cmTC_3dd97.dir/CMakeCXXCompilerABI.cpp.o -Bstatic -lc++ -Bdynamic -lm -lgcc -ldl -lc -lgcc -ldl /Applications/Unity/Hub/2019.1.14f1/PlaybackEngines/AndroidPlayer/SDK/ndk-bundle/toolchains/llvm/prebuilt/darwin-x86_64/sysroot/usr/lib/aarch64-linux-android/21/crtend_android.o]
    arg [/Applications/Unity/Hub/2019.1.14f1/PlaybackEngines/AndroidPlayer/SDK/ndk-bundle/toolchains/llvm/prebuilt/darwin-x86_64/lib/gcc/aarch64-linux-android/4.9.x/../../../../aarch64-linux-android/bin/ld] ==> ignore
    arg [--sysroot=/Applications/Unity/Hub/2019.1.14f1/PlaybackEngines/AndroidPlayer/SDK/ndk-bundle/toolchains/llvm/prebuilt/darwin-x86_64/sysroot] ==> ignore
    arg [-pie] ==> ignore
    arg [-EL] ==> ignore
    arg [--fix-cortex-a53-843419] ==> ignore
    arg [-znow] ==> ignore
    arg [-zrelro] ==> ignore
    arg [--hash-style=both] ==> ignore
    arg [--enable-new-dtags] ==> ignore
    arg [--eh-frame-hdr] ==> ignore
    arg [-m] ==> ignore
    arg [aarch64linux] ==> ignore
    arg [-dynamic-linker] ==> ignore
    arg [/system/bin/linker64] ==> ignore
    arg [-o] ==> ignore
    arg [cmTC_3dd97] ==> ignore
    arg [/Applications/Unity/Hub/2019.1.14f1/PlaybackEngines/AndroidPlayer/SDK/ndk-bundle/toolchains/llvm/prebuilt/darwin-x86_64/sysroot/usr/lib/aarch64-linux-android/21/crtbegin_dynamic.o] ==> ignore
    arg [-L/Applications/Unity/Hub/2019.1.14f1/PlaybackEngines/AndroidPlayer/SDK/ndk-bundle/toolchains/llvm/prebuilt/darwin-x86_64/lib64/clang/8.0.7/lib/linux/aarch64] ==> dir [/Applications/Unity/Hub/2019.1.14f1/PlaybackEngines/AndroidPlayer/SDK/ndk-bundle/toolchains/llvm/prebuilt/darwin-x86_64/lib64/clang/8.0.7/lib/linux/aarch64]
    arg [-L/Applications/Unity/Hub/2019.1.14f1/PlaybackEngines/AndroidPlayer/SDK/ndk-bundle/toolchains/llvm/prebuilt/darwin-x86_64/lib/gcc/aarch64-linux-android/4.9.x] ==> dir [/Applications/Unity/Hub/2019.1.14f1/PlaybackEngines/AndroidPlayer/SDK/ndk-bundle/toolchains/llvm/prebuilt/darwin-x86_64/lib/gcc/aarch64-linux-android/4.9.x]
    arg [-L/Applications/Unity/Hub/2019.1.14f1/PlaybackEngines/AndroidPlayer/SDK/ndk-bundle/toolchains/llvm/prebuilt/darwin-x86_64/lib/gcc/aarch64-linux-android/4.9.x/../../../../aarch64-linux-android/lib/../lib64] ==> dir [/Applications/Unity/Hub/2019.1.14f1/PlaybackEngines/AndroidPlayer/SDK/ndk-bundle/toolchains/llvm/prebuilt/darwin-x86_64/lib/gcc/aarch64-linux-android/4.9.x/../../../../aarch64-linux-android/lib/../lib64]
    arg [-L/Applications/Unity/Hub/2019.1.14f1/PlaybackEngines/AndroidPlayer/SDK/ndk-bundle/toolchains/llvm/prebuilt/darwin-x86_64/sysroot/usr/lib/aarch64-linux-android/21] ==> dir [/Applications/Unity/Hub/2019.1.14f1/PlaybackEngines/AndroidPlayer/SDK/ndk-bundle/toolchains/llvm/prebuilt/darwin-x86_64/sysroot/usr/lib/aarch64-linux-android/21]
    arg [-L/Applications/Unity/Hub/2019.1.14f1/PlaybackEngines/AndroidPlayer/SDK/ndk-bundle/toolchains/llvm/prebuilt/darwin-x86_64/sysroot/usr/lib/aarch64-linux-android] ==> dir [/Applications/Unity/Hub/2019.1.14f1/PlaybackEngines/AndroidPlayer/SDK/ndk-bundle/toolchains/llvm/prebuilt/darwin-x86_64/sysroot/usr/lib/aarch64-linux-android]
    arg [-L/Applications/Unity/Hub/2019.1.14f1/PlaybackEngines/AndroidPlayer/SDK/ndk-bundle/toolchains/llvm/prebuilt/darwin-x86_64/lib/gcc/aarch64-linux-android/4.9.x/../../../../aarch64-linux-android/lib] ==> dir [/Applications/Unity/Hub/2019.1.14f1/PlaybackEngines/AndroidPlayer/SDK/ndk-bundle/toolchains/llvm/prebuilt/darwin-x86_64/lib/gcc/aarch64-linux-android/4.9.x/../../../../aarch64-linux-android/lib]
    arg [-L/Applications/Unity/Hub/2019.1.14f1/PlaybackEngines/AndroidPlayer/SDK/ndk-bundle/toolchains/llvm/prebuilt/darwin-x86_64/sysroot/usr/lib] ==> dir [/Applications/Unity/Hub/2019.1.14f1/PlaybackEngines/AndroidPlayer/SDK/ndk-bundle/toolchains/llvm/prebuilt/darwin-x86_64/sysroot/usr/lib]
    arg [--exclude-libs] ==> ignore
    arg [libgcc.a] ==> ignore
    arg [--exclude-libs] ==> ignore
    arg [libatomic.a] ==> ignore
    arg [--build-id] ==> ignore
    arg [--warn-shared-textrel] ==> ignore
    arg [--fatal-warnings] ==> ignore
    arg [--no-undefined] ==> ignore
    arg [-znoexecstack] ==> ignore
    arg [--gc-sections] ==> ignore
    arg [CMakeFiles/cmTC_3dd97.dir/CMakeCXXCompilerABI.cpp.o] ==> ignore
    arg [-Bstatic] ==> ignore
    arg [-lc++] ==> lib [c++]
    arg [-Bdynamic] ==> ignore
    arg [-lm] ==> lib [m]
    arg [-lgcc] ==> lib [gcc]
    arg [-ldl] ==> lib [dl]
    arg [-lc] ==> lib [c]
    arg [-lgcc] ==> lib [gcc]
    arg [-ldl] ==> lib [dl]
    arg [/Applications/Unity/Hub/2019.1.14f1/PlaybackEngines/AndroidPlayer/SDK/ndk-bundle/toolchains/llvm/prebuilt/darwin-x86_64/sysroot/usr/lib/aarch64-linux-android/21/crtend_android.o] ==> ignore
  remove lib [gcc]
  remove lib [gcc]
  collapse library dir [/Applications/Unity/Hub/2019.1.14f1/PlaybackEngines/AndroidPlayer/SDK/ndk-bundle/toolchains/llvm/prebuilt/darwin-x86_64/lib64/clang/8.0.7/lib/linux/aarch64] ==> [/Applications/Unity/Hub/2019.1.14f1/PlaybackEngines/AndroidPlayer/SDK/ndk-bundle/toolchains/llvm/prebuilt/darwin-x86_64/lib64/clang/8.0.7/lib/linux/aarch64]
  collapse library dir [/Applications/Unity/Hub/2019.1.14f1/PlaybackEngines/AndroidPlayer/SDK/ndk-bundle/toolchains/llvm/prebuilt/darwin-x86_64/lib/gcc/aarch64-linux-android/4.9.x] ==> [/Applications/Unity/Hub/2019.1.14f1/PlaybackEngines/AndroidPlayer/SDK/ndk-bundle/toolchains/llvm/prebuilt/darwin-x86_64/lib/gcc/aarch64-linux-android/4.9.x]
  collapse library dir [/Applications/Unity/Hub/2019.1.14f1/PlaybackEngines/AndroidPlayer/SDK/ndk-bundle/toolchains/llvm/prebuilt/darwin-x86_64/lib/gcc/aarch64-linux-android/4.9.x/../../../../aarch64-linux-android/lib/../lib64] ==> [/Applications/Unity/Hub/2019.1.14f1/PlaybackEngines/AndroidPlayer/SDK/ndk-bundle/toolchains/llvm/prebuilt/darwin-x86_64/aarch64-linux-android/lib64]
  collapse library dir [/Applications/Unity/Hub/2019.1.14f1/PlaybackEngines/AndroidPlayer/SDK/ndk-bundle/toolchains/llvm/prebuilt/darwin-x86_64/sysroot/usr/lib/aarch64-linux-android/21] ==> [/Applications/Unity/Hub/2019.1.14f1/PlaybackEngines/AndroidPlayer/SDK/ndk-bundle/toolchains/llvm/prebuilt/darwin-x86_64/sysroot/usr/lib/aarch64-linux-android/21]
  collapse library dir [/Applications/Unity/Hub/2019.1.14f1/PlaybackEngines/AndroidPlayer/SDK/ndk-bundle/toolchains/llvm/prebuilt/darwin-x86_64/sysroot/usr/lib/aarch64-linux-android] ==> [/Applications/Unity/Hub/2019.1.14f1/PlaybackEngines/AndroidPlayer/SDK/ndk-bundle/toolchains/llvm/prebuilt/darwin-x86_64/sysroot/usr/lib/aarch64-linux-android]
  collapse library dir [/Applications/Unity/Hub/2019.1.14f1/PlaybackEngines/AndroidPlayer/SDK/ndk-bundle/toolchains/llvm/prebuilt/darwin-x86_64/lib/gcc/aarch64-linux-android/4.9.x/../../../../aarch64-linux-android/lib] ==> [/Applications/Unity/Hub/2019.1.14f1/PlaybackEngines/AndroidPlayer/SDK/ndk-bundle/toolchains/llvm/prebuilt/darwin-x86_64/aarch64-linux-android/lib]
  collapse library dir [/Applications/Unity/Hub/2019.1.14f1/PlaybackEngines/AndroidPlayer/SDK/ndk-bundle/toolchains/llvm/prebuilt/darwin-x86_64/sysroot/usr/lib] ==> [/Applications/Unity/Hub/2019.1.14f1/PlaybackEngines/AndroidPlayer/SDK/ndk-bundle/toolchains/llvm/prebuilt/darwin-x86_64/sysroot/usr/lib]
  implicit libs: [c++;m;dl;c;dl]
  implicit dirs: [/Applications/Unity/Hub/2019.1.14f1/PlaybackEngines/AndroidPlayer/SDK/ndk-bundle/toolchains/llvm/prebuilt/darwin-x86_64/lib64/clang/8.0.7/lib/linux/aarch64;/Applications/Unity/Hub/2019.1.14f1/PlaybackEngines/AndroidPlayer/SDK/ndk-bundle/toolchains/llvm/prebuilt/darwin-x86_64/lib/gcc/aarch64-linux-android/4.9.x;/Applications/Unity/Hub/2019.1.14f1/PlaybackEngines/AndroidPlayer/SDK/ndk-bundle/toolchains/llvm/prebuilt/darwin-x86_64/aarch64-linux-android/lib64;/Applications/Unity/Hub/2019.1.14f1/PlaybackEngines/AndroidPlayer/SDK/ndk-bundle/toolchains/llvm/prebuilt/darwin-x86_64/sysroot/usr/lib/aarch64-linux-android/21;/Applications/Unity/Hub/2019.1.14f1/PlaybackEngines/AndroidPlayer/SDK/ndk-bundle/toolchains/llvm/prebuilt/darwin-x86_64/sysroot/usr/lib/aarch64-linux-android;/Applications/Unity/Hub/2019.1.14f1/PlaybackEngines/AndroidPlayer/SDK/ndk-bundle/toolchains/llvm/prebuilt/darwin-x86_64/aarch64-linux-android/lib;/Applications/Unity/Hub/2019.1.14f1/PlaybackEngines/AndroidPlayer/SDK/ndk-bundle/toolchains/llvm/prebuilt/darwin-x86_64/sysroot/usr/lib]
  implicit fwks: []




Detecting CXX [-std=c++14] compiler features compiled with the following output:
Change Dir: /Users/Sargon/Documents/Unity Projects/Asset Store/NativeTouchAndroidStudio/nativetouch/.cxx/cmake/armDebug/arm64-v8a/CMakeFiles/CMakeTmp

Run Build Command:"/Applications/Unity/Hub/2019.1.14f1/PlaybackEngines/AndroidPlayer/SDK/cmake/3.6.4111459/bin/ninja" "cmTC_c9068"
[1/2] Building CXX object CMakeFiles/cmTC_c9068.dir/feature_tests.cxx.o
[2/2] Linking CXX executable cmTC_c9068


    Feature record: CXX_FEATURE:1cxx_aggregate_default_initializers
    Feature record: CXX_FEATURE:1cxx_alias_templates
    Feature record: CXX_FEATURE:1cxx_alignas
    Feature record: CXX_FEATURE:1cxx_alignof
    Feature record: CXX_FEATURE:1cxx_attributes
    Feature record: CXX_FEATURE:1cxx_attribute_deprecated
    Feature record: CXX_FEATURE:1cxx_auto_type
    Feature record: CXX_FEATURE:1cxx_binary_literals
    Feature record: CXX_FEATURE:1cxx_constexpr
    Feature record: CXX_FEATURE:1cxx_contextual_conversions
    Feature record: CXX_FEATURE:1cxx_decltype
    Feature record: CXX_FEATURE:1cxx_decltype_auto
    Feature record: CXX_FEATURE:1cxx_decltype_incomplete_return_types
    Feature record: CXX_FEATURE:1cxx_default_function_template_args
    Feature record: CXX_FEATURE:1cxx_defaulted_functions
    Feature record: CXX_FEATURE:1cxx_defaulted_move_initializers
    Feature record: CXX_FEATURE:1cxx_delegating_constructors
    Feature record: CXX_FEATURE:1cxx_deleted_functions
    Feature record: CXX_FEATURE:1cxx_digit_separators
    Feature record: CXX_FEATURE:1cxx_enum_forward_declarations
    Feature record: CXX_FEATURE:1cxx_explicit_conversions
    Feature record: CXX_FEATURE:1cxx_extended_friend_declarations
    Feature record: CXX_FEATURE:1cxx_extern_templates
    Feature record: CXX_FEATURE:1cxx_final
    Feature record: CXX_FEATURE:1cxx_func_identifier
    Feature record: CXX_FEATURE:1cxx_generalized_initializers
    Feature record: CXX_FEATURE:1cxx_generic_lambdas
    Feature record: CXX_FEATURE:1cxx_inheriting_constructors
    Feature record: CXX_FEATURE:1cxx_inline_namespaces
    Feature record: CXX_FEATURE:1cxx_lambdas
    Feature record: CXX_FEATURE:1cxx_lambda_init_captures
    Feature record: CXX_FEATURE:1cxx_local_type_template_args
    Feature record: CXX_FEATURE:1cxx_long_long_type
    Feature record: CXX_FEATURE:1cxx_noexcept
    Feature record: CXX_FEATURE:1cxx_nonstatic_member_init
    Feature record: CXX_FEATURE:1cxx_nullptr
    Feature record: CXX_FEATURE:1cxx_override
    Feature record: CXX_FEATURE:1cxx_range_for
    Feature record: CXX_FEATURE:1cxx_raw_string_literals
    Feature record: CXX_FEATURE:1cxx_reference_qualified_functions
    Feature record: CXX_FEATURE:1cxx_relaxed_constexpr
    Feature record: CXX_FEATURE:1cxx_return_type_deduction
    Feature record: CXX_FEATURE:1cxx_right_angle_brackets
    Feature record: CXX_FEATURE:1cxx_rvalue_references
    Feature record: CXX_FEATURE:1cxx_sizeof_member
    Feature record: CXX_FEATURE:1cxx_static_assert
    Feature record: CXX_FEATURE:1cxx_strong_enums
    Feature record: CXX_FEATURE:1cxx_template_template_parameters
    Feature record: CXX_FEATURE:1cxx_thread_local
    Feature record: CXX_FEATURE:1cxx_trailing_return_types
    Feature record: CXX_FEATURE:1cxx_unicode_literals
    Feature record: CXX_FEATURE:1cxx_uniform_initialization
    Feature record: CXX_FEATURE:1cxx_unrestricted_unions
    Feature record: CXX_FEATURE:1cxx_user_literals
    Feature record: CXX_FEATURE:1cxx_variable_templates
    Feature record: CXX_FEATURE:1cxx_variadic_macros
    Feature record: CXX_FEATURE:1cxx_variadic_templates


Detecting CXX [-std=c++11] compiler features compiled with the following output:
Change Dir: /Users/Sargon/Documents/Unity Projects/Asset Store/NativeTouchAndroidStudio/nativetouch/.cxx/cmake/armDebug/arm64-v8a/CMakeFiles/CMakeTmp

Run Build Command:"/Applications/Unity/Hub/2019.1.14f1/PlaybackEngines/AndroidPlayer/SDK/cmake/3.6.4111459/bin/ninja" "cmTC_38139"
[1/2] Building CXX object CMakeFiles/cmTC_38139.dir/feature_tests.cxx.o
[2/2] Linking CXX executable cmTC_38139


    Feature record: CXX_FEATURE:0cxx_aggregate_default_initializers
    Feature record: CXX_FEATURE:1cxx_alias_templates
    Feature record: CXX_FEATURE:1cxx_alignas
    Feature record: CXX_FEATURE:1cxx_alignof
    Feature record: CXX_FEATURE:1cxx_attributes
    Feature record: CXX_FEATURE:0cxx_attribute_deprecated
    Feature record: CXX_FEATURE:1cxx_auto_type
    Feature record: CXX_FEATURE:0cxx_binary_literals
    Feature record: CXX_FEATURE:1cxx_constexpr
    Feature record: CXX_FEATURE:0cxx_contextual_conversions
    Feature record: CXX_FEATURE:1cxx_decltype
    Feature record: CXX_FEATURE:0cxx_decltype_auto
    Feature record: CXX_FEATURE:1cxx_decltype_incomplete_return_types
    Feature record: CXX_FEATURE:1cxx_default_function_template_args
    Feature record: CXX_FEATURE:1cxx_defaulted_functions
    Feature record: CXX_FEATURE:1cxx_defaulted_move_initializers
    Feature record: CXX_FEATURE:1cxx_delegating_constructors
    Feature record: CXX_FEATURE:1cxx_deleted_functions
    Feature record: CXX_FEATURE:0cxx_digit_separators
    Feature record: CXX_FEATURE:1cxx_enum_forward_declarations
    Feature record: CXX_FEATURE:1cxx_explicit_conversions
    Feature record: CXX_FEATURE:1cxx_extended_friend_declarations
    Feature record: CXX_FEATURE:1cxx_extern_templates
    Feature record: CXX_FEATURE:1cxx_final
    Feature record: CXX_FEATURE:1cxx_func_identifier
    Feature record: CXX_FEATURE:1cxx_generalized_initializers
    Feature record: CXX_FEATURE:0cxx_generic_lambdas
    Feature record: CXX_FEATURE:1cxx_inheriting_constructors
    Feature record: CXX_FEATURE:1cxx_inline_namespaces
    Feature record: CXX_FEATURE:1cxx_lambdas
    Feature record: CXX_FEATURE:0cxx_lambda_init_captures
    Feature record: CXX_FEATURE:1cxx_local_type_template_args
    Feature record: CXX_FEATURE:1cxx_long_long_type
    Feature record: CXX_FEATURE:1cxx_noexcept
    Feature record: CXX_FEATURE:1cxx_nonstatic_member_init
    Feature record: CXX_FEATURE:1cxx_nullptr
    Feature record: CXX_FEATURE:1cxx_override
    Feature record: CXX_FEATURE:1cxx_range_for
    Feature record: CXX_FEATURE:1cxx_raw_string_literals
    Feature record: CXX_FEATURE:1cxx_reference_qualified_functions
    Feature record: CXX_FEATURE:0cxx_relaxed_constexpr
    Feature record: CXX_FEATURE:0cxx_return_type_deduction
    Feature record: CXX_FEATURE:1cxx_right_angle_brackets
    Feature record: CXX_FEATURE:1cxx_rvalue_references
    Feature record: CXX_FEATURE:1cxx_sizeof_member
    Feature record: CXX_FEATURE:1cxx_static_assert
    Feature record: CXX_FEATURE:1cxx_strong_enums
    Feature record: CXX_FEATURE:1cxx_template_template_parameters
    Feature record: CXX_FEATURE:1cxx_thread_local
    Feature record: CXX_FEATURE:1cxx_trailing_return_types
    Feature record: CXX_FEATURE:1cxx_unicode_literals
    Feature record: CXX_FEATURE:1cxx_uniform_initialization
    Feature record: CXX_FEATURE:1cxx_unrestricted_unions
    Feature record: CXX_FEATURE:1cxx_user_literals
    Feature record: CXX_FEATURE:0cxx_variable_templates
    Feature record: CXX_FEATURE:1cxx_variadic_macros
    Feature record: CXX_FEATURE:1cxx_variadic_templates


Detecting CXX [-std=c++98] compiler features compiled with the following output:
Change Dir: /Users/Sargon/Documents/Unity Projects/Asset Store/NativeTouchAndroidStudio/nativetouch/.cxx/cmake/armDebug/arm64-v8a/CMakeFiles/CMakeTmp

Run Build Command:"/Applications/Unity/Hub/2019.1.14f1/PlaybackEngines/AndroidPlayer/SDK/cmake/3.6.4111459/bin/ninja" "cmTC_8b2ca"
[1/2] Building CXX object CMakeFiles/cmTC_8b2ca.dir/feature_tests.cxx.o
[2/2] Linking CXX executable cmTC_8b2ca


    Feature record: CXX_FEATURE:0cxx_aggregate_default_initializers
    Feature record: CXX_FEATURE:0cxx_alias_templates
    Feature record: CXX_FEATURE:0cxx_alignas
    Feature record: CXX_FEATURE:0cxx_alignof
    Feature record: CXX_FEATURE:0cxx_attributes
    Feature record: CXX_FEATURE:0cxx_attribute_deprecated
    Feature record: CXX_FEATURE:0cxx_auto_type
    Feature record: CXX_FEATURE:0cxx_binary_literals
    Feature record: CXX_FEATURE:0cxx_constexpr
    Feature record: CXX_FEATURE:0cxx_contextual_conversions
    Feature record: CXX_FEATURE:0cxx_decltype
    Feature record: CXX_FEATURE:0cxx_decltype_auto
    Feature record: CXX_FEATURE:0cxx_decltype_incomplete_return_types
    Feature record: CXX_FEATURE:0cxx_default_function_template_args
    Feature record: CXX_FEATURE:0cxx_defaulted_functions
    Feature record: CXX_FEATURE:0cxx_defaulted_move_initializers
    Feature record: CXX_FEATURE:0cxx_delegating_constructors
    Feature record: CXX_FEATURE:0cxx_deleted_functions
    Feature record: CXX_FEATURE:0cxx_digit_separators
    Feature record: CXX_FEATURE:0cxx_enum_forward_declarations
    Feature record: CXX_FEATURE:0cxx_explicit_conversions
    Feature record: CXX_FEATURE:0cxx_extended_friend_declarations
    Feature record: CXX_FEATURE:0cxx_extern_templates
    Feature record: CXX_FEATURE:0cxx_final
    Feature record: CXX_FEATURE:0cxx_func_identifier
    Feature record: CXX_FEATURE:0cxx_generalized_initializers
    Feature record: CXX_FEATURE:0cxx_generic_lambdas
    Feature record: CXX_FEATURE:0cxx_inheriting_constructors
    Feature record: CXX_FEATURE:0cxx_inline_namespaces
    Feature record: CXX_FEATURE:0cxx_lambdas
    Feature record: CXX_FEATURE:0cxx_lambda_init_captures
    Feature record: CXX_FEATURE:0cxx_local_type_template_args
    Feature record: CXX_FEATURE:0cxx_long_long_type
    Feature record: CXX_FEATURE:0cxx_noexcept
    Feature record: CXX_FEATURE:0cxx_nonstatic_member_init
    Feature record: CXX_FEATURE:0cxx_nullptr
    Feature record: CXX_FEATURE:0cxx_override
    Feature record: CXX_FEATURE:0cxx_range_for
    Feature record: CXX_FEATURE:0cxx_raw_string_literals
    Feature record: CXX_FEATURE:0cxx_reference_qualified_functions
    Feature record: CXX_FEATURE:0cxx_relaxed_constexpr
    Feature record: CXX_FEATURE:0cxx_return_type_deduction
    Feature record: CXX_FEATURE:0cxx_right_angle_brackets
    Feature record: CXX_FEATURE:0cxx_rvalue_references
    Feature record: CXX_FEATURE:0cxx_sizeof_member
    Feature record: CXX_FEATURE:0cxx_static_assert
    Feature record: CXX_FEATURE:0cxx_strong_enums
    Feature record: CXX_FEATURE:1cxx_template_template_parameters
    Feature record: CXX_FEATURE:0cxx_thread_local
    Feature record: CXX_FEATURE:0cxx_trailing_return_types
    Feature record: CXX_FEATURE:0cxx_unicode_literals
    Feature record: CXX_FEATURE:0cxx_uniform_initialization
    Feature record: CXX_FEATURE:0cxx_unrestricted_unions
    Feature record: CXX_FEATURE:0cxx_user_literals
    Feature record: CXX_FEATURE:0cxx_variable_templates
    Feature record: CXX_FEATURE:0cxx_variadic_macros
    Feature record: CXX_FEATURE:0cxx_variadic_templates
